{
  "stats": {
    "suites": 0,
    "tests": 1,
    "passes": 1,
    "pending": 0,
    "failures": 0,
    "start": "2021-03-06T09:53:22.813Z",
    "end": "2021-03-06T09:53:27.099Z",
    "duration": 4286,
    "testsRegistered": 1,
    "passPercent": 100,
    "pendingPercent": 0,
    "other": 0,
    "hasOther": false,
    "skipped": 0,
    "hasSkipped": false
  },
  "results": [
    {
      "uuid": "184d5858-1eba-42a2-ba25-014e8ca82b5d",
      "title": "",
      "fullFile": "cypress\\integration\\basic.ts",
      "file": "cypress\\integration\\basic.ts",
      "beforeHooks": [],
      "afterHooks": [],
      "tests": [
        {
          "title": "assetion demo ",
          "fullTitle": "assetion demo ",
          "timedOut": null,
          "duration": 2527,
          "state": "passed",
          "speed": "slow",
          "pass": true,
          "fail": false,
          "pending": false,
          "context": null,
          "code": "cy.log('start123');\ncy.visit('https://example.cypress.io/');\ncy.contains('get').click();\ncy.get('#query-btn')\n    .should('contain', 'Button')\n    .should('have.class', 'query-btn')\n    .should('be.visible')\n    .should('be.enabled');\ncy.get('#query-btn').invoke('attr', 'id').should('equal', 'query-btn');\ncy.get('#query-btn')\n    .should('contain', 'Button')\n    .and('have.class', 'query-btn');\nexpect(true).to.be.true;\nvar name = 'cypress';\nexpect(name).to.be.equal('cypress');\nassert.equal(4, 4, \"not equal\");\nassert.strictEqual(4, 4, \"not strictly equal\");",
          "err": {},
          "uuid": "3331cc79-7c4a-43d7-a9c3-342ba8f69964",
          "parentUUID": "184d5858-1eba-42a2-ba25-014e8ca82b5d",
          "isHook": false,
          "skipped": false
        }
      ],
      "suites": [],
      "passes": [
        "3331cc79-7c4a-43d7-a9c3-342ba8f69964"
      ],
      "failures": [],
      "pending": [],
      "skipped": [],
      "duration": 2527,
      "root": true,
      "rootEmpty": false,
      "_timeout": 2000
    }
  ],
  "meta": {
    "mocha": {
      "version": "7.0.1"
    },
    "mochawesome": {
      "options": {
        "quiet": false,
        "reportFilename": "mochawesome",
        "saveHtml": false,
        "saveJson": true,
        "consoleReporter": "spec",
        "useInlineDiffs": false,
        "code": true
      },
      "version": "6.2.2"
    },
    "marge": {
      "options": {
        "reportDir": "cypress/results/json",
        "overwrite": false,
        "html": false,
        "json": true
      },
      "version": "5.2.0"
    }
  }
}