{
  "stats": {
    "suites": 0,
    "tests": 2,
    "passes": 1,
    "pending": 0,
    "failures": 1,
    "start": "2021-03-06T09:53:30.041Z",
    "end": "2021-03-06T09:53:36.339Z",
    "duration": 6298,
    "testsRegistered": 2,
    "passPercent": 50,
    "pendingPercent": 0,
    "other": 0,
    "hasOther": false,
    "skipped": 0,
    "hasSkipped": false
  },
  "results": [
    {
      "uuid": "240df3c0-5222-4cf5-872f-e25db23d8bec",
      "title": "",
      "fullFile": "cypress\\integration\\fileupload_downloads.ts",
      "file": "cypress\\integration\\fileupload_downloads.ts",
      "beforeHooks": [],
      "afterHooks": [],
      "tests": [
        {
          "title": "File upload demo",
          "fullTitle": "File upload demo",
          "timedOut": null,
          "duration": 3870,
          "state": "failed",
          "speed": null,
          "pass": false,
          "fail": true,
          "pending": false,
          "context": "{\n  \"title\": \"Failed screenshot\",\n  \"value\": \"screenshots\\\\fileupload_downloads.ts\\\\File upload demo (failed).png\"\n}",
          "code": "//cy.visit('https://filebin.net/')\n//cy.get('#fileField').attachFile('4th step.png')\ncy.visit('http://tinyupload.com/');\n//cy.get('.pole_plik').attachFile('4th step.png')\ncy.get('[name=\"uploaded_file\"]').attachFile('4th step.png');",
          "err": {
            "message": "Error: A fixture file could not be found at any of the following paths:\n\n> cypress\\fixtures\\4th step.png\n> cypress\\fixtures\\4th step.png{{extension}}\n\nCypress looked for these file extensions at the provided path:\n\n> .json, .js, .coffee, .html, .txt, .csv, .png, .jpg, .jpeg, .gif, .tif, .tiff, .zip\n\nProvide a path to an existing fixture file.",
            "estack": "Error: A fixture file could not be found at any of the following paths:\n\n> cypress\\fixtures\\4th step.png\n> cypress\\fixtures\\4th step.png{{extension}}\n\nCypress looked for these file extensions at the provided path:\n\n> .json, .js, .coffee, .html, .txt, .csv, .png, .jpg, .jpeg, .gif, .tif, .tiff, .zip\n\nProvide a path to an existing fixture file.\n    at get (C:\\Users\\P7112642\\AppData\\Local\\Cypress\\Cache\\6.6.0\\Cypress\\resources\\app\\packages\\server\\lib\\errors.js:966:15)\n    at Object.throwErr [as throw] (C:\\Users\\P7112642\\AppData\\Local\\Cypress\\Cache\\6.6.0\\Cypress\\resources\\app\\packages\\server\\lib\\errors.js:984:9)\n    at Object.<anonymous> (C:\\Users\\P7112642\\AppData\\Local\\Cypress\\Cache\\6.6.0\\Cypress\\resources\\app\\packages\\server\\lib\\fixture.js:63:23)\n    at Object.tryCatcher (C:\\Users\\P7112642\\AppData\\Local\\Cypress\\Cache\\6.6.0\\Cypress\\resources\\app\\packages\\server\\node_modules\\bluebird\\js\\release\\util.js:16:23)\n    at Promise._settlePromiseFromHandler (C:\\Users\\P7112642\\AppData\\Local\\Cypress\\Cache\\6.6.0\\Cypress\\resources\\app\\packages\\server\\node_modules\\bluebird\\js\\release\\promise.js:547:31)\n    at Promise._settlePromise (C:\\Users\\P7112642\\AppData\\Local\\Cypress\\Cache\\6.6.0\\Cypress\\resources\\app\\packages\\server\\node_modules\\bluebird\\js\\release\\promise.js:604:18)\n    at Promise._settlePromise0 (C:\\Users\\P7112642\\AppData\\Local\\Cypress\\Cache\\6.6.0\\Cypress\\resources\\app\\packages\\server\\node_modules\\bluebird\\js\\release\\promise.js:649:10)\n    at Promise._settlePromises (C:\\Users\\P7112642\\AppData\\Local\\Cypress\\Cache\\6.6.0\\Cypress\\resources\\app\\packages\\server\\node_modules\\bluebird\\js\\release\\promise.js:729:18)\n    at Promise._fulfill (C:\\Users\\P7112642\\AppData\\Local\\Cypress\\Cache\\6.6.0\\Cypress\\resources\\app\\packages\\server\\node_modules\\bluebird\\js\\release\\promise.js:673:18)\n    at C:\\Users\\P7112642\\AppData\\Local\\Cypress\\Cache\\6.6.0\\Cypress\\resources\\app\\packages\\server\\node_modules\\bluebird\\js\\release\\nodeback.js:42:21\n    at f (C:\\Users\\P7112642\\AppData\\Local\\Cypress\\Cache\\6.6.0\\Cypress\\resources\\app\\packages\\server\\node_modules\\once\\once.js:25:25)\n    at Glob.<anonymous> (C:\\Users\\P7112642\\AppData\\Local\\Cypress\\Cache\\6.6.0\\Cypress\\resources\\app\\packages\\server\\node_modules\\glob\\glob.js:151:7)\n    at Glob.emit (events.js:315:20)\n    at Glob._finish (C:\\Users\\P7112642\\AppData\\Local\\Cypress\\Cache\\6.6.0\\Cypress\\resources\\app\\packages\\server\\node_modules\\glob\\glob.js:197:8)\n    at done (C:\\Users\\P7112642\\AppData\\Local\\Cypress\\Cache\\6.6.0\\Cypress\\resources\\app\\packages\\server\\node_modules\\glob\\glob.js:182:14)\n    at Glob._processSimple2 (C:\\Users\\P7112642\\AppData\\Local\\Cypress\\Cache\\6.6.0\\Cypress\\resources\\app\\packages\\server\\node_modules\\glob\\glob.js:688:12)\n    at C:\\Users\\P7112642\\AppData\\Local\\Cypress\\Cache\\6.6.0\\Cypress\\resources\\app\\packages\\server\\node_modules\\glob\\glob.js:676:10\n    at Glob._stat2 (C:\\Users\\P7112642\\AppData\\Local\\Cypress\\Cache\\6.6.0\\Cypress\\resources\\app\\packages\\server\\node_modules\\glob\\glob.js:772:12)\n    at lstatcb_ (C:\\Users\\P7112642\\AppData\\Local\\Cypress\\Cache\\6.6.0\\Cypress\\resources\\app\\packages\\server\\node_modules\\glob\\glob.js:764:12)\n    at RES (C:\\Users\\P7112642\\AppData\\Local\\Cypress\\Cache\\6.6.0\\Cypress\\resources\\app\\packages\\server\\node_modules\\inflight\\inflight.js:31:16)\n    at f (C:\\Users\\P7112642\\AppData\\Local\\Cypress\\Cache\\6.6.0\\Cypress\\resources\\app\\packages\\server\\node_modules\\once\\once.js:25:25)\n    at callback (C:\\Users\\P7112642\\AppData\\Local\\Cypress\\Cache\\6.6.0\\Cypress\\resources\\app\\packages\\server\\node_modules\\graceful-fs\\polyfills.js:289:20)\n    at FSReqCallback.oncomplete (fs.js:172:21)\n",
            "diff": null
          },
          "uuid": "bcae9fe4-c71c-478f-9a3c-84cd3320f969",
          "parentUUID": "240df3c0-5222-4cf5-872f-e25db23d8bec",
          "isHook": false,
          "skipped": false
        },
        {
          "title": "File download demo",
          "fullTitle": "File download demo",
          "timedOut": null,
          "duration": 371,
          "state": "passed",
          "speed": "slow",
          "pass": true,
          "fail": false,
          "pending": false,
          "context": null,
          "code": "cy.downloadFile('https://upload.wikimedia.org/wikipedia/en/a/a9/Example.jpg', 'mydownloads', 'example.jpg');",
          "err": {},
          "uuid": "ff2a487e-b470-490b-b701-bdb56994859e",
          "parentUUID": "240df3c0-5222-4cf5-872f-e25db23d8bec",
          "isHook": false,
          "skipped": false
        }
      ],
      "suites": [],
      "passes": [
        "ff2a487e-b470-490b-b701-bdb56994859e"
      ],
      "failures": [
        "bcae9fe4-c71c-478f-9a3c-84cd3320f969"
      ],
      "pending": [],
      "skipped": [],
      "duration": 4241,
      "root": true,
      "rootEmpty": false,
      "_timeout": 2000
    }
  ],
  "meta": {
    "mocha": {
      "version": "7.0.1"
    },
    "mochawesome": {
      "options": {
        "quiet": false,
        "reportFilename": "mochawesome",
        "saveHtml": false,
        "saveJson": true,
        "consoleReporter": "spec",
        "useInlineDiffs": false,
        "code": true
      },
      "version": "6.2.2"
    },
    "marge": {
      "options": {
        "reportDir": "cypress/results/json",
        "overwrite": false,
        "html": false,
        "json": true
      },
      "version": "5.2.0"
    }
  }
}